<?xml version="1.0" encoding="UTF-8"?>
<!-- Generated by org.testng.reporters.JUnitXMLReporter -->
<testsuite hostname="INDV037608" ignored="0" name="BatchTest-Listeners" tests="2" failures="1" timestamp="09 Feb 2018 07:00:12 GMT" time="88.413" errors="0">
  <testcase name="test_loginToMA" time="37.56" classname="com.TestAutomation.MA.Home.TC001_LoginToMA">
    <failure type="org.openqa.selenium.NoSuchElementException" message="Unable to find element with css selector == #aLeftMenuDrafts
For documentation on this error, please visit: http://seleniumhq.org/exceptions/no_such_element.html
Build info: version: &amp;apos;3.8.0&amp;apos;, revision: &amp;apos;924c4067df&amp;apos;, time: &amp;apos;2017-11-30T11:20:39.408Z&amp;apos;
System info: host: &amp;apos;INDV037608&amp;apos;, ip: &amp;apos;10.167.126.54&amp;apos;, os.name: &amp;apos;Windows 7&amp;apos;, os.arch: &amp;apos;amd64&amp;apos;, os.version: &amp;apos;6.1&amp;apos;, java.version: &amp;apos;1.8.0_144&amp;apos;
Driver info: org.openqa.selenium.ie.InternetExplorerDriver
Capabilities {acceptInsecureCerts: false, browserName: internet explorer, browserVersion: 11, javascriptEnabled: true, pageLoadStrategy: normal, platform: WINDOWS, platformName: WINDOWS, se:ieOptions: {browserAttachTimeout: 0, elementScrollBehavior: 0, enablePersistentHover: true, ie.browserCommandLineSwitches: , ie.ensureCleanSession: false, ie.fileUploadDialogTimeout: 3000, ie.forceCreateProcessApi: false, ignoreProtectedModeSettings: true, ignoreZoomSetting: true, initialBrowserUrl: http://localhost:26455/, nativeEvents: true, requireWindowFocus: false}, setWindowRect: true}
Session ID: 1fe003c9-e8fb-4882-9446-bc83143a96d7
*** Element info: {Using=id, value=aLeftMenuDrafts}">
      <![CDATA[org.openqa.selenium.NoSuchElementException: Unable to find element with css selector == #aLeftMenuDraftsFor documentation on this error, please visit: http://seleniumhq.org/exceptions/no_such_element.htmlBuild info: version: '3.8.0', revision: '924c4067df', time: '2017-11-30T11:20:39.408Z'System info: host: 'INDV037608', ip: '10.167.126.54', os.name: 'Windows 7', os.arch: 'amd64', os.version: '6.1', java.version: '1.8.0_144'Driver info: org.openqa.selenium.ie.InternetExplorerDriverCapabilities {acceptInsecureCerts: false, browserName: internet explorer, browserVersion: 11, javascriptEnabled: true, pageLoadStrategy: normal, platform: WINDOWS, platformName: WINDOWS, se:ieOptions: {browserAttachTimeout: 0, elementScrollBehavior: 0, enablePersistentHover: true, ie.browserCommandLineSwitches: , ie.ensureCleanSession: false, ie.fileUploadDialogTimeout: 3000, ie.forceCreateProcessApi: false, ignoreProtectedModeSettings: true, ignoreZoomSetting: true, initialBrowserUrl: http://localhost:26455/, nativeEvents: true, requireWindowFocus: false}, setWindowRect: true}Session ID: 1fe003c9-e8fb-4882-9446-bc83143a96d7*** Element info: {Using=id, value=aLeftMenuDrafts}at org.openqa.selenium.remote.http.W3CHttpResponseCodec.createException(W3CHttpResponseCodec.java:187)at org.openqa.selenium.remote.http.W3CHttpResponseCodec.decode(W3CHttpResponseCodec.java:122)at org.openqa.selenium.remote.http.W3CHttpResponseCodec.decode(W3CHttpResponseCodec.java:49)at org.openqa.selenium.remote.HttpCommandExecutor.execute(HttpCommandExecutor.java:164)at org.openqa.selenium.remote.service.DriverCommandExecutor.execute(DriverCommandExecutor.java:83)at org.openqa.selenium.remote.RemoteWebDriver.execute(RemoteWebDriver.java:601)at org.openqa.selenium.remote.RemoteWebDriver.findElement(RemoteWebDriver.java:371)at org.openqa.selenium.remote.RemoteWebDriver.findElementById(RemoteWebDriver.java:417)at org.openqa.selenium.By$ById.findElement(By.java:218)at org.openqa.selenium.remote.RemoteWebDriver.findElement(RemoteWebDriver.java:363)at org.openqa.selenium.support.events.EventFiringWebDriver$2.invoke(EventFiringWebDriver.java:108)at com.sun.proxy.$Proxy8.findElement(Unknown Source)at org.openqa.selenium.support.events.EventFiringWebDriver.findElement(EventFiringWebDriver.java:192)at org.openqa.selenium.support.pagefactory.DefaultElementLocator.findElement(DefaultElementLocator.java:69)at org.openqa.selenium.support.pagefactory.internal.LocatingElementHandler.invoke(LocatingElementHandler.java:38)at com.sun.proxy.$Proxy13.isDisplayed(Unknown Source)at com.TestAutomation.MA.PageObjects.HomePage.verifyAllLinks(HomePage.java:105)at com.TestAutomation.MA.Home.TC001_LoginToMA.test_loginToMA(TC001_LoginToMA.java:28)... Removed 32 stack frames]]>
    </failure>
  </testcase> <!-- test_loginToMA -->
  <testcase name="test_Test2" time="8.865" classname="com.TestAutomation.MA.Home.TC002_VerifyTest2"/>
</testsuite> <!-- BatchTest-Listeners -->
