<html>
<head>
<title>TestNG:  Extent-Listeners</title>
<link href="../testng.css" rel="stylesheet" type="text/css" />
<link href="../my-testng.css" rel="stylesheet" type="text/css" />

<style type="text/css">
.log { display: none;} 
.stack-trace { display: none;} 
</style>
<script type="text/javascript">
<!--
function flip(e) {
  current = e.style.display;
  if (current == 'block') {
    e.style.display = 'none';
    return 0;
  }
  else {
    e.style.display = 'block';
    return 1;
  }
}

function toggleBox(szDivId, elem, msg1, msg2)
{
  var res = -1;  if (document.getElementById) {
    res = flip(document.getElementById(szDivId));
  }
  else if (document.all) {
    // this is the way old msie versions work
    res = flip(document.all[szDivId]);
  }
  if(elem) {
    if(res == 0) elem.innerHTML = msg1; else elem.innerHTML = msg2;
  }

}

function toggleAllBoxes() {
  if (document.getElementsByTagName) {
    d = document.getElementsByTagName('div');
    for (i = 0; i < d.length; i++) {
      if (d[i].className == 'log') {
        flip(d[i]);
      }
    }
  }
}

// -->
</script>

</head>
<body>
<h2 align='center'>Extent-Listeners</h2><table border='1' align="center">
<tr>
<td>Tests passed/Failed/Skipped:</td><td>0/1/1</td>
</tr><tr>
<td>Started on:</td><td>Fri Jan 26 22:54:32 IST 2018</td>
</tr>
<tr><td>Total time:</td><td>14 seconds (14662 ms)</td>
</tr><tr>
<td>Included groups:</td><td></td>
</tr><tr>
<td>Excluded groups:</td><td></td>
</tr>
</table><p/>
<small><i>(Hover the method name to see the test class name)</i></small><p/>
<table width='100%' border='1' class='invocation-failed'>
<tr><td colspan='4' align='center'><b>FAILED CONFIGURATIONS</b></td></tr>
<tr><td><b>Test method</b></td>
<td width="30%"><b>Exception</b></td>
<td width="10%"><b>Time (seconds)</b></td>
<td><b>Instance</b></td>
</tr>
<tr>
<td title='com.test.automation.MA.Home.TC001_LoginToMA.getresult()'><b>getresult</b><br>Test class: com.test.automation.MA.Home.TC001_LoginToMA<br>Parameters: [TestResult name=test_loginToMA status=FAILURE method=TC001_LoginToMA.test_loginToMA()[pri:0, instance:com.test.automation.MA.Home.TC001_LoginToMA@103f852] output=Found the element : 'MyAccess' - QA Login Page]</td>
<td><div><pre>java.lang.NullPointerException
	at com.test.automation.MA.testBase.TestBase.getresult(TestBase.java:247)
... Removed 28 stack frames</pre></div><a href='#' onClick='toggleBox("stack-trace2027317551", this, "Click to show all stack frames", "Click to hide stack frames")'>Click to show all stack frames</a>
<div class='stack-trace' id='stack-trace2027317551'><pre>java.lang.NullPointerException
	at com.test.automation.MA.testBase.TestBase.getresult(TestBase.java:247)
	at sun.reflect.NativeMethodAccessorImpl.invoke0(Native Method)
	at sun.reflect.NativeMethodAccessorImpl.invoke(Unknown Source)
	at sun.reflect.DelegatingMethodAccessorImpl.invoke(Unknown Source)
	at java.lang.reflect.Method.invoke(Unknown Source)
	at org.testng.internal.MethodInvocationHelper.invokeMethod(MethodInvocationHelper.java:124)
	at org.testng.internal.MethodInvocationHelper.invokeMethodConsideringTimeout(MethodInvocationHelper.java:59)
	at org.testng.internal.Invoker.invokeConfigurationMethod(Invoker.java:451)
	at org.testng.internal.Invoker.invokeConfigurations(Invoker.java:222)
	at org.testng.internal.Invoker.invokeMethod(Invoker.java:634)
	at org.testng.internal.Invoker.invokeTestMethod(Invoker.java:707)
	at org.testng.internal.Invoker.invokeTestMethods(Invoker.java:979)
	at org.testng.internal.TestMethodWorker.invokeTestMethods(TestMethodWorker.java:125)
	at org.testng.internal.TestMethodWorker.run(TestMethodWorker.java:109)
	at org.testng.TestRunner.privateRun(TestRunner.java:648)
	at org.testng.TestRunner.run(TestRunner.java:505)
	at org.testng.SuiteRunner.runTest(SuiteRunner.java:455)
	at org.testng.SuiteRunner.runSequentially(SuiteRunner.java:450)
	at org.testng.SuiteRunner.privateRun(SuiteRunner.java:415)
	at org.testng.SuiteRunner.run(SuiteRunner.java:364)
	at org.testng.SuiteRunnerWorker.runSuite(SuiteRunnerWorker.java:52)
	at org.testng.SuiteRunnerWorker.run(SuiteRunnerWorker.java:84)
	at org.testng.TestNG.runSuitesSequentially(TestNG.java:1187)
	at org.testng.TestNG.runSuitesLocally(TestNG.java:1116)
	at org.testng.TestNG.runSuites(TestNG.java:1028)
	at org.testng.TestNG.run(TestNG.java:996)
	at org.testng.remote.AbstractRemoteTestNG.run(AbstractRemoteTestNG.java:114)
	at org.testng.remote.RemoteTestNG.initAndRun(RemoteTestNG.java:251)
	at org.testng.remote.RemoteTestNG.main(RemoteTestNG.java:77)
</pre></div></td>
<td>0</td>
<td>com.test.automation.MA.Home.TC001_LoginToMA@103f852</td></tr>
<tr>
<td title='com.test.automation.MA.Home.TC002_VerifyTest2.endTest()'><b>endTest</b><br>Test class: com.test.automation.MA.Home.TC002_VerifyTest2</td>
<td><div><pre>java.lang.NullPointerException
	at com.test.automation.MA.testBase.TestBase.closeBrowser(TestBase.java:293)
	at com.test.automation.MA.testBase.TestBase.endTest(TestBase.java:289)
... Removed 26 stack frames</pre></div><a href='#' onClick='toggleBox("stack-trace273077527", this, "Click to show all stack frames", "Click to hide stack frames")'>Click to show all stack frames</a>
<div class='stack-trace' id='stack-trace273077527'><pre>java.lang.NullPointerException
	at com.test.automation.MA.testBase.TestBase.closeBrowser(TestBase.java:293)
	at com.test.automation.MA.testBase.TestBase.endTest(TestBase.java:289)
	at sun.reflect.NativeMethodAccessorImpl.invoke0(Native Method)
	at sun.reflect.NativeMethodAccessorImpl.invoke(Unknown Source)
	at sun.reflect.DelegatingMethodAccessorImpl.invoke(Unknown Source)
	at java.lang.reflect.Method.invoke(Unknown Source)
	at org.testng.internal.MethodInvocationHelper.invokeMethod(MethodInvocationHelper.java:124)
	at org.testng.internal.MethodInvocationHelper.invokeMethodConsideringTimeout(MethodInvocationHelper.java:59)
	at org.testng.internal.Invoker.invokeConfigurationMethod(Invoker.java:451)
	at org.testng.internal.Invoker.invokeConfigurations(Invoker.java:222)
	at org.testng.internal.Invoker.invokeConfigurations(Invoker.java:142)
	at org.testng.internal.TestMethodWorker.invokeAfterClassMethods(TestMethodWorker.java:208)
	at org.testng.internal.TestMethodWorker.run(TestMethodWorker.java:111)
	at org.testng.TestRunner.privateRun(TestRunner.java:648)
	at org.testng.TestRunner.run(TestRunner.java:505)
	at org.testng.SuiteRunner.runTest(SuiteRunner.java:455)
	at org.testng.SuiteRunner.runSequentially(SuiteRunner.java:450)
	at org.testng.SuiteRunner.privateRun(SuiteRunner.java:415)
	at org.testng.SuiteRunner.run(SuiteRunner.java:364)
	at org.testng.SuiteRunnerWorker.runSuite(SuiteRunnerWorker.java:52)
	at org.testng.SuiteRunnerWorker.run(SuiteRunnerWorker.java:84)
	at org.testng.TestNG.runSuitesSequentially(TestNG.java:1187)
	at org.testng.TestNG.runSuitesLocally(TestNG.java:1116)
	at org.testng.TestNG.runSuites(TestNG.java:1028)
	at org.testng.TestNG.run(TestNG.java:996)
	at org.testng.remote.AbstractRemoteTestNG.run(AbstractRemoteTestNG.java:114)
	at org.testng.remote.RemoteTestNG.initAndRun(RemoteTestNG.java:251)
	at org.testng.remote.RemoteTestNG.main(RemoteTestNG.java:77)
</pre></div></td>
<td>0</td>
<td>com.test.automation.MA.Home.TC002_VerifyTest2@587c290d</td></tr>
</table><p>
<table width='100%' border='1' class='invocation-skipped'>
<tr><td colspan='4' align='center'><b>SKIPPED CONFIGURATIONS</b></td></tr>
<tr><td><b>Test method</b></td>
<td width="30%"><b>Exception</b></td>
<td width="10%"><b>Time (seconds)</b></td>
<td><b>Instance</b></td>
</tr>
<tr>
<td title='com.test.automation.MA.Home.TC002_VerifyTest2.init()'><b>init</b><br>Test class: com.test.automation.MA.Home.TC002_VerifyTest2</td>
<td></td>
<td>0</td>
<td>com.test.automation.MA.Home.TC002_VerifyTest2@587c290d</td></tr>
<tr>
<td title='com.test.automation.MA.Home.TC002_VerifyTest2.beforeMethod()'><b>beforeMethod</b><br>Test class: com.test.automation.MA.Home.TC002_VerifyTest2</td>
<td></td>
<td>0</td>
<td>com.test.automation.MA.Home.TC002_VerifyTest2@587c290d</td></tr>
<tr>
<td title='com.test.automation.MA.Home.TC002_VerifyTest2.getresult()'><b>getresult</b><br>Test class: com.test.automation.MA.Home.TC002_VerifyTest2</td>
<td></td>
<td>0</td>
<td>com.test.automation.MA.Home.TC002_VerifyTest2@587c290d</td></tr>
</table><p>
<table width='100%' border='1' class='invocation-failed'>
<tr><td colspan='4' align='center'><b>FAILED TESTS</b></td></tr>
<tr><td><b>Test method</b></td>
<td width="30%"><b>Exception</b></td>
<td width="10%"><b>Time (seconds)</b></td>
<td><b>Instance</b></td>
</tr>
<tr>
<td title='com.test.automation.MA.Home.TC001_LoginToMA.test_loginToMA()'><b>test_loginToMA</b><br>Test class: com.test.automation.MA.Home.TC001_LoginToMA<br/>
<a href="#Output-225909961" onClick='toggleBox("Output-225909961", this, "Show output", "Hide output");'>Show output</a>

<a href="#Output-225909961" onClick="toggleAllBoxes();">Show all outputs</a>
<div class='log' id="Output-225909961">
Found the element : 'MyAccess' - QA Login Page<br/>
Found the element : <br/>
Found the element : <br/>
Found the element : <br/>
Found the element : <br/>
Clicking on: [[InternetExplorerDriver: internet explorer on WINDOWS (3972856e-4808-4a6b-af1c-cb0c513dd166)] -> xpath: //*[@id='Button1' and @class='lgbttn']]<br/>
[[InternetExplorerDriver: internet explorer on WINDOWS (3972856e-4808-4a6b-af1c-cb0c513dd166)] -> xpath: //*[@id='Button1' and @class='lgbttn']]<br/>
Clicked on: [[InternetExplorerDriver: internet explorer on WINDOWS (3972856e-4808-4a6b-af1c-cb0c513dd166)] -> xpath: //*[@id='Button1' and @class='lgbttn']]<br/>
[[InternetExplorerDriver: internet explorer on WINDOWS (3972856e-4808-4a6b-af1c-cb0c513dd166)] -> xpath: //*[@id='Button1' and @class='lgbttn']]<br/>
Found the element : Initiate Request My Requests Manager Actions My Passwords My ToDos
7
Recent Requests

MY TOP 5
Tableau WI RPT Site
MyAccess - DB
Enterprise ALM - LDAP Access - Add or Remove User
Fidelity Wireless Network
Employee Remote Access - Cert
PEER TOP 5
Directory Access to Network File Shares
On Demand Elevation
EI-Splunk Access
Mainframe User Profile
Active Directory AUTO GROUPS - Add or Remove User
BUSINESS TOP 5
Click2Compute (C2C) Access
Employee Remote Access HVD
FBSI - Retail
BPM Imaging
Mainframe User Profile - PWI

Job Role Requests

On Boarding
Transferring
Off Boarding
Can't find your request? More Results<br/>
There is a Failure boss<br/>
</div>
</td>
<td><div><pre>java.lang.NullPointerException
	at com.test.automation.MA.PageObjects.HomePage.loginToMA(HomePage.java:68)
	at com.test.automation.MA.Home.TC001_LoginToMA.test_loginToMA(TC001_LoginToMA.java:25)
... Removed 25 stack frames</pre></div><a href='#' onClick='toggleBox("stack-trace225909961", this, "Click to show all stack frames", "Click to hide stack frames")'>Click to show all stack frames</a>
<div class='stack-trace' id='stack-trace225909961'><pre>java.lang.NullPointerException
	at com.test.automation.MA.PageObjects.HomePage.loginToMA(HomePage.java:68)
	at com.test.automation.MA.Home.TC001_LoginToMA.test_loginToMA(TC001_LoginToMA.java:25)
	at sun.reflect.NativeMethodAccessorImpl.invoke0(Native Method)
	at sun.reflect.NativeMethodAccessorImpl.invoke(Unknown Source)
	at sun.reflect.DelegatingMethodAccessorImpl.invoke(Unknown Source)
	at java.lang.reflect.Method.invoke(Unknown Source)
	at org.testng.internal.MethodInvocationHelper.invokeMethod(MethodInvocationHelper.java:124)
	at org.testng.internal.Invoker.invokeMethod(Invoker.java:571)
	at org.testng.internal.Invoker.invokeTestMethod(Invoker.java:707)
	at org.testng.internal.Invoker.invokeTestMethods(Invoker.java:979)
	at org.testng.internal.TestMethodWorker.invokeTestMethods(TestMethodWorker.java:125)
	at org.testng.internal.TestMethodWorker.run(TestMethodWorker.java:109)
	at org.testng.TestRunner.privateRun(TestRunner.java:648)
	at org.testng.TestRunner.run(TestRunner.java:505)
	at org.testng.SuiteRunner.runTest(SuiteRunner.java:455)
	at org.testng.SuiteRunner.runSequentially(SuiteRunner.java:450)
	at org.testng.SuiteRunner.privateRun(SuiteRunner.java:415)
	at org.testng.SuiteRunner.run(SuiteRunner.java:364)
	at org.testng.SuiteRunnerWorker.runSuite(SuiteRunnerWorker.java:52)
	at org.testng.SuiteRunnerWorker.run(SuiteRunnerWorker.java:84)
	at org.testng.TestNG.runSuitesSequentially(TestNG.java:1187)
	at org.testng.TestNG.runSuitesLocally(TestNG.java:1116)
	at org.testng.TestNG.runSuites(TestNG.java:1028)
	at org.testng.TestNG.run(TestNG.java:996)
	at org.testng.remote.AbstractRemoteTestNG.run(AbstractRemoteTestNG.java:114)
	at org.testng.remote.RemoteTestNG.initAndRun(RemoteTestNG.java:251)
	at org.testng.remote.RemoteTestNG.main(RemoteTestNG.java:77)
</pre></div></td>
<td>6</td>
<td>com.test.automation.MA.Home.TC001_LoginToMA@103f852</td></tr>
</table><p>
<table width='100%' border='1' class='invocation-skipped'>
<tr><td colspan='4' align='center'><b>SKIPPED TESTS</b></td></tr>
<tr><td><b>Test method</b></td>
<td width="30%"><b>Exception</b></td>
<td width="10%"><b>Time (seconds)</b></td>
<td><b>Instance</b></td>
</tr>
<tr>
<td title='com.test.automation.MA.Home.TC002_VerifyTest2.test_Test2()'><b>test_Test2</b><br>Test class: com.test.automation.MA.Home.TC002_VerifyTest2<br/>
<a href="#Output-689602108" onClick='toggleBox("Output-689602108", this, "Show output", "Hide output");'>Show output</a>

<a href="#Output-689602108" onClick="toggleAllBoxes();">Show all outputs</a>
<div class='log' id="Output-689602108">
This Test is Skipped<br/>
</div>
</td>
<td><div><pre>java.lang.NullPointerException
	at com.test.automation.MA.testBase.TestBase.getresult(TestBase.java:247)
... Removed 28 stack frames</pre></div><a href='#' onClick='toggleBox("stack-trace689602108", this, "Click to show all stack frames", "Click to hide stack frames")'>Click to show all stack frames</a>
<div class='stack-trace' id='stack-trace689602108'><pre>java.lang.NullPointerException
	at com.test.automation.MA.testBase.TestBase.getresult(TestBase.java:247)
	at sun.reflect.NativeMethodAccessorImpl.invoke0(Native Method)
	at sun.reflect.NativeMethodAccessorImpl.invoke(Unknown Source)
	at sun.reflect.DelegatingMethodAccessorImpl.invoke(Unknown Source)
	at java.lang.reflect.Method.invoke(Unknown Source)
	at org.testng.internal.MethodInvocationHelper.invokeMethod(MethodInvocationHelper.java:124)
	at org.testng.internal.MethodInvocationHelper.invokeMethodConsideringTimeout(MethodInvocationHelper.java:59)
	at org.testng.internal.Invoker.invokeConfigurationMethod(Invoker.java:451)
	at org.testng.internal.Invoker.invokeConfigurations(Invoker.java:222)
	at org.testng.internal.Invoker.invokeMethod(Invoker.java:634)
	at org.testng.internal.Invoker.invokeTestMethod(Invoker.java:707)
	at org.testng.internal.Invoker.invokeTestMethods(Invoker.java:979)
	at org.testng.internal.TestMethodWorker.invokeTestMethods(TestMethodWorker.java:125)
	at org.testng.internal.TestMethodWorker.run(TestMethodWorker.java:109)
	at org.testng.TestRunner.privateRun(TestRunner.java:648)
	at org.testng.TestRunner.run(TestRunner.java:505)
	at org.testng.SuiteRunner.runTest(SuiteRunner.java:455)
	at org.testng.SuiteRunner.runSequentially(SuiteRunner.java:450)
	at org.testng.SuiteRunner.privateRun(SuiteRunner.java:415)
	at org.testng.SuiteRunner.run(SuiteRunner.java:364)
	at org.testng.SuiteRunnerWorker.runSuite(SuiteRunnerWorker.java:52)
	at org.testng.SuiteRunnerWorker.run(SuiteRunnerWorker.java:84)
	at org.testng.TestNG.runSuitesSequentially(TestNG.java:1187)
	at org.testng.TestNG.runSuitesLocally(TestNG.java:1116)
	at org.testng.TestNG.runSuites(TestNG.java:1028)
	at org.testng.TestNG.run(TestNG.java:996)
	at org.testng.remote.AbstractRemoteTestNG.run(AbstractRemoteTestNG.java:114)
	at org.testng.remote.RemoteTestNG.initAndRun(RemoteTestNG.java:251)
	at org.testng.remote.RemoteTestNG.main(RemoteTestNG.java:77)
</pre></div></td>
<td>0</td>
<td>com.test.automation.MA.Home.TC002_VerifyTest2@587c290d</td></tr>
</table><p>
</body>
</html>