<?xml version="1.0" encoding="UTF-8"?>
<!-- Generated by org.testng.reporters.JUnitXMLReporter -->
<testsuite hostname="INDV037608" ignored="0" name="Extent-Listeners" tests="2" failures="1" timestamp="26 Jan 2018 17:24:47 GMT" time="14.662" errors="0">
  <testcase name="@AfterMethod getresult" time="0.0" classname="com.test.automation.MA.testBase.TestBase">
    <failure type="java.lang.NullPointerException">
      <![CDATA[java.lang.NullPointerExceptionat com.test.automation.MA.testBase.TestBase.getresult(TestBase.java:247)... Removed 28 stack frames]]>
    </failure>
  </testcase> <!-- @AfterMethod getresult -->
  <testcase name="@BeforeClass init" time="0.0" classname="com.test.automation.MA.testBase.TestBase">
    <skipped/>
  </testcase> <!-- @BeforeClass init -->
  <testcase name="@BeforeMethod beforeMethod" time="0.0" classname="com.test.automation.MA.testBase.TestBase">
    <skipped/>
  </testcase> <!-- @BeforeMethod beforeMethod -->
  <testcase name="@AfterMethod getresult" time="0.0" classname="com.test.automation.MA.testBase.TestBase">
    <skipped/>
  </testcase> <!-- @AfterMethod getresult -->
  <testcase name="@AfterClass endTest" time="0.003" classname="com.test.automation.MA.testBase.TestBase">
    <failure type="java.lang.NullPointerException">
      <![CDATA[java.lang.NullPointerExceptionat com.test.automation.MA.testBase.TestBase.closeBrowser(TestBase.java:293)at com.test.automation.MA.testBase.TestBase.endTest(TestBase.java:289)... Removed 26 stack frames]]>
    </failure>
  </testcase> <!-- @AfterClass endTest -->
  <testcase name="test_loginToMA" time="6.993" classname="com.test.automation.MA.Home.TC001_LoginToMA">
    <failure type="java.lang.NullPointerException">
      <![CDATA[java.lang.NullPointerExceptionat com.test.automation.MA.PageObjects.HomePage.loginToMA(HomePage.java:68)at com.test.automation.MA.Home.TC001_LoginToMA.test_loginToMA(TC001_LoginToMA.java:25)... Removed 25 stack frames]]>
    </failure>
  </testcase> <!-- test_loginToMA -->
  <testcase name="test_Test2" time="0.0" classname="com.test.automation.MA.Home.TC002_VerifyTest2">
    <skipped/>
  </testcase> <!-- test_Test2 -->
</testsuite> <!-- Extent-Listeners -->
